'org.jfree.chart.block.BlockBorderTest testSerialization 
,''org.jfree.chart.block.BlockBorder <clinit> 
,''org.jfree.chart.api.RectangleInsets <clinit> 
,''org.jfree.chart.api.UnitType <clinit> 
,''org.jfree.chart.api.UnitType <init> 
,''org.jfree.chart.api.UnitType <init> 
,''org.jfree.chart.api.RectangleInsets <init> 
,''org.jfree.chart.internal.Args nullNotPermitted 
,''org.jfree.chart.block.BlockBorder <init> 
,''org.jfree.chart.internal.Args nullNotPermitted 
,''org.jfree.chart.internal.Args nullNotPermitted 
,''org.jfree.chart.api.RectangleInsets <init> 
,''org.jfree.chart.api.RectangleInsets <init> 
,''org.jfree.chart.internal.Args nullNotPermitted 
,''org.jfree.chart.block.BlockBorder <init> 
,''org.jfree.chart.internal.Args nullNotPermitted 
,''org.jfree.chart.internal.Args nullNotPermitted 
,''org.jfree.chart.TestUtils serialised 
,''org.jfree.chart.block.BlockBorder writeObject 
,''org.jfree.chart.internal.SerialUtils writePaint 
,''org.jfree.chart.internal.Args nullNotPermitted 
,''org.jfree.chart.block.BlockBorder readObject 
,''org.jfree.chart.api.UnitType values 
,''org.jfree.chart.internal.SerialUtils readPaint 
,''org.jfree.chart.internal.Args nullNotPermitted 
,''org.jfree.chart.internal.SerialUtils isSerializable 
,''org.jfree.chart.block.BlockBorder equals 
,''org.jfree.chart.api.RectangleInsets equals 
,''org.jfree.chart.internal.PaintUtils equal 
,''org.jfree.chart.block.BlockBorderTest testCloning 
,''org.jfree.chart.block.BlockBorder <init> 
,''org.jfree.chart.block.BlockBorder <init> 
,''org.jfree.chart.api.RectangleInsets <init> 
,''org.jfree.chart.api.RectangleInsets <init> 
,''org.jfree.chart.internal.Args nullNotPermitted 
,''org.jfree.chart.block.BlockBorder <init> 
,''org.jfree.chart.internal.Args nullNotPermitted 
,''org.jfree.chart.internal.Args nullNotPermitted 
,''org.jfree.chart.block.BlockBorderTest testEquals 
,''org.jfree.chart.api.RectangleInsets <init> 
,''org.jfree.chart.api.RectangleInsets <init> 
,''org.jfree.chart.internal.Args nullNotPermitted 
,''org.jfree.chart.block.BlockBorder <init> 
,''org.jfree.chart.internal.Args nullNotPermitted 
,''org.jfree.chart.internal.Args nullNotPermitted 
,''org.jfree.chart.api.RectangleInsets <init> 
,''org.jfree.chart.api.RectangleInsets <init> 
,''org.jfree.chart.internal.Args nullNotPermitted 
,''org.jfree.chart.block.BlockBorder <init> 
,''org.jfree.chart.internal.Args nullNotPermitted 
,''org.jfree.chart.internal.Args nullNotPermitted 
,''org.jfree.chart.block.BlockBorder equals 
,''org.jfree.chart.api.RectangleInsets equals 
,''org.jfree.chart.internal.PaintUtils equal 
,''org.jfree.chart.block.BlockBorder equals 
,''org.jfree.chart.api.RectangleInsets <init> 
,''org.jfree.chart.internal.Args nullNotPermitted 
,''org.jfree.chart.block.BlockBorder <init> 
,''org.jfree.chart.internal.Args nullNotPermitted 
,''org.jfree.chart.internal.Args nullNotPermitted 
,''org.jfree.chart.block.BlockBorder equals 
,''org.jfree.chart.api.RectangleInsets equals 
,''org.jfree.chart.api.RectangleInsets <init> 
,''org.jfree.chart.internal.Args nullNotPermitted 
,''org.jfree.chart.block.BlockBorder <init> 
,''org.jfree.chart.internal.Args nullNotPermitted 
,''org.jfree.chart.internal.Args nullNotPermitted 
,''org.jfree.chart.block.BlockBorder equals 
,''org.jfree.chart.api.RectangleInsets equals 
,''org.jfree.chart.internal.PaintUtils equal 
,''org.jfree.chart.api.RectangleInsets <init> 
,''org.jfree.chart.api.RectangleInsets <init> 
,''org.jfree.chart.internal.Args nullNotPermitted 
,''org.jfree.chart.block.BlockBorder <init> 
,''org.jfree.chart.internal.Args nullNotPermitted 
,''org.jfree.chart.internal.Args nullNotPermitted 
,''org.jfree.chart.block.BlockBorder equals 
,''org.jfree.chart.api.RectangleInsets equals 
,''org.jfree.chart.api.RectangleInsets <init> 
,''org.jfree.chart.api.RectangleInsets <init> 
,''org.jfree.chart.internal.Args nullNotPermitted 
,''org.jfree.chart.block.BlockBorder <init> 
,''org.jfree.chart.internal.Args nullNotPermitted 
,''org.jfree.chart.internal.Args nullNotPermitted 
,''org.jfree.chart.block.BlockBorder equals 
,''org.jfree.chart.api.RectangleInsets equals 
,''org.jfree.chart.internal.PaintUtils equal 
,'