'org.jfree.chart.legend.LegendGraphicTest testSerialization 
,''org.jfree.chart.legend.LegendGraphic <clinit> 
,''org.jfree.chart.legend.LegendGraphic <init> 
,''org.jfree.chart.block.AbstractBlock <init> 
,''org.jfree.chart.api.RectangleInsets <clinit> 
,''org.jfree.chart.api.UnitType <clinit> 
,''org.jfree.chart.api.UnitType <init> 
,''org.jfree.chart.api.UnitType <init> 
,''org.jfree.chart.api.RectangleInsets <init> 
,''org.jfree.chart.internal.Args nullNotPermitted 
,''org.jfree.chart.block.BlockBorder <clinit> 
,''org.jfree.chart.block.BlockBorder <init> 
,''org.jfree.chart.internal.Args nullNotPermitted 
,''org.jfree.chart.internal.Args nullNotPermitted 
,''org.jfree.chart.internal.Args nullNotPermitted 
,''org.jfree.chart.internal.Args nullNotPermitted 
,''org.jfree.chart.api.RectangleAnchor <clinit> 
,''org.jfree.chart.api.RectangleAnchor <init> 
,''org.jfree.chart.api.RectangleAnchor <init> 
,''org.jfree.chart.api.RectangleAnchor <init> 
,''org.jfree.chart.api.RectangleAnchor <init> 
,''org.jfree.chart.api.RectangleAnchor <init> 
,''org.jfree.chart.api.RectangleAnchor <init> 
,''org.jfree.chart.api.RectangleAnchor <init> 
,''org.jfree.chart.api.RectangleAnchor <init> 
,''org.jfree.chart.api.RectangleAnchor <init> 
,''org.jfree.chart.util.StandardGradientPaintTransformer <init> 
,''org.jfree.chart.util.GradientPaintTransformType <clinit> 
,''org.jfree.chart.util.GradientPaintTransformType <init> 
,''org.jfree.chart.util.GradientPaintTransformType <init> 
,''org.jfree.chart.util.GradientPaintTransformType <init> 
,''org.jfree.chart.util.GradientPaintTransformType <init> 
,''org.jfree.chart.util.StandardGradientPaintTransformer <init> 
,''org.jfree.chart.block.AbstractBlock setPadding 
,''org.jfree.chart.api.RectangleInsets <init> 
,''org.jfree.chart.api.RectangleInsets <init> 
,''org.jfree.chart.internal.Args nullNotPermitted 
,''org.jfree.chart.block.AbstractBlock setPadding 
,''org.jfree.chart.internal.Args nullNotPermitted 
,''org.jfree.chart.legend.LegendGraphic setOutlineStroke 
,''org.jfree.chart.TestUtils serialised 
,''org.jfree.chart.block.AbstractBlock writeObject 
,''org.jfree.chart.block.BlockBorder writeObject 
,''org.jfree.chart.internal.SerialUtils writePaint 
,''org.jfree.chart.internal.Args nullNotPermitted 
,''org.jfree.chart.internal.SerialUtils writeShape 
,''org.jfree.chart.internal.Args nullNotPermitted 
,''org.jfree.chart.legend.LegendGraphic writeObject 
,''org.jfree.chart.internal.SerialUtils writeShape 
,''org.jfree.chart.internal.Args nullNotPermitted 
,''org.jfree.chart.internal.SerialUtils writePaint 
,''org.jfree.chart.internal.Args nullNotPermitted 
,''org.jfree.chart.internal.SerialUtils writePaint 
,''org.jfree.chart.internal.Args nullNotPermitted 
,''org.jfree.chart.internal.SerialUtils writeStroke 
,''org.jfree.chart.internal.Args nullNotPermitted 
,''org.jfree.chart.internal.SerialUtils writeShape 
,''org.jfree.chart.internal.Args nullNotPermitted 
,''org.jfree.chart.internal.SerialUtils writePaint 
,''org.jfree.chart.internal.Args nullNotPermitted 
,''org.jfree.chart.internal.SerialUtils writeStroke 
,''org.jfree.chart.internal.Args nullNotPermitted 
,''org.jfree.chart.block.AbstractBlock readObject 
,''org.jfree.chart.block.BlockBorder readObject 
,''org.jfree.chart.api.UnitType values 
,''org.jfree.chart.internal.SerialUtils readPaint 
,''org.jfree.chart.internal.Args nullNotPermitted 
,''org.jfree.chart.internal.SerialUtils isSerializable 
,''org.jfree.chart.internal.SerialUtils readShape 
,''org.jfree.chart.internal.Args nullNotPermitted 
,''org.jfree.chart.legend.LegendGraphic readObject 
,''org.jfree.chart.util.GradientPaintTransformType values 
,''org.jfree.chart.api.RectangleAnchor values 
,''org.jfree.chart.internal.SerialUtils readShape 
,''org.jfree.chart.internal.Args nullNotPermitted 
,''org.jfree.chart.internal.SerialUtils readPaint 
,''org.jfree.chart.internal.Args nullNotPermitted 
,''org.jfree.chart.internal.SerialUtils isSerializable 
,''org.jfree.chart.internal.SerialUtils readPaint 
,''org.jfree.chart.internal.Args nullNotPermitted 
,''org.jfree.chart.internal.SerialUtils readStroke 
,''org.jfree.chart.internal.Args nullNotPermitted 
,''org.jfree.chart.internal.SerialUtils readShape 
,''org.jfree.chart.internal.Args nullNotPermitted 
,''org.jfree.chart.internal.SerialUtils readPaint 
,''org.jfree.chart.internal.Args nullNotPermitted 
,''org.jfree.chart.internal.SerialUtils readStroke 
,''org.jfree.chart.internal.Args nullNotPermitted 
,''org.jfree.chart.legend.LegendGraphic equals 
,''org.jfree.chart.internal.ShapeUtils <clinit> 
,''org.jfree.chart.internal.ShapeUtils equal 
,''org.jfree.chart.internal.PaintUtils equal 
,''org.jfree.chart.util.StandardGradientPaintTransformer equals 
,''org.jfree.chart.internal.PaintUtils equal 
,''org.jfree.chart.internal.ShapeUtils equal 
,''org.jfree.chart.internal.PaintUtils equal 
,''org.jfree.chart.block.AbstractBlock equals 
,''org.jfree.chart.block.BlockBorder equals 
,''org.jfree.chart.api.RectangleInsets equals 
,''org.jfree.chart.internal.PaintUtils equal 
,''org.jfree.chart.api.RectangleInsets equals 
,''org.jfree.chart.api.RectangleInsets equals 
,''org.jfree.chart.legend.LegendGraphicTest testCloning 
,''org.jfree.chart.legend.LegendGraphic <init> 
,''org.jfree.chart.block.AbstractBlock <init> 
,''org.jfree.chart.internal.Args nullNotPermitted 
,''org.jfree.chart.internal.Args nullNotPermitted 
,''org.jfree.chart.util.StandardGradientPaintTransformer <init> 
,''org.jfree.chart.util.StandardGradientPaintTransformer <init> 
,''org.jfree.chart.block.AbstractBlock setPadding 
,''org.jfree.chart.api.RectangleInsets <init> 
,''org.jfree.chart.api.RectangleInsets <init> 
,''org.jfree.chart.internal.Args nullNotPermitted 
,''org.jfree.chart.block.AbstractBlock setPadding 
,''org.jfree.chart.internal.Args nullNotPermitted 
,''org.jfree.chart.internal.CloneUtils clone 
,''org.jfree.chart.legend.LegendGraphic clone 
,''org.jfree.chart.block.AbstractBlock clone 
,''org.jfree.chart.internal.CloneUtils clone 
,''org.jfree.chart.internal.CloneUtils clone 
,''org.jfree.chart.internal.CloneUtils clone 
,''org.jfree.chart.legend.LegendGraphic equals 
,''org.jfree.chart.internal.ShapeUtils equal 
,''org.jfree.chart.internal.PaintUtils equal 
,''org.jfree.chart.internal.PaintUtils equal 
,''org.jfree.chart.internal.ShapeUtils equal 
,''org.jfree.chart.internal.PaintUtils equal 
,''org.jfree.chart.block.AbstractBlock equals 
,''org.jfree.chart.block.BlockBorder equals 
,''org.jfree.chart.api.RectangleInsets equals 
,''org.jfree.chart.api.RectangleInsets equals 
,''org.jfree.chart.legend.LegendGraphic equals 
,''org.jfree.chart.internal.ShapeUtils equal 
,''org.jfree.chart.legend.LegendGraphicTest testHashcode 
,''org.jfree.chart.legend.LegendGraphic <init> 
,''org.jfree.chart.block.AbstractBlock <init> 
,''org.jfree.chart.internal.Args nullNotPermitted 
,''org.jfree.chart.internal.Args nullNotPermitted 
,''org.jfree.chart.util.StandardGradientPaintTransformer <init> 
,''org.jfree.chart.util.StandardGradientPaintTransformer <init> 
,''org.jfree.chart.block.AbstractBlock setPadding 
,''org.jfree.chart.api.RectangleInsets <init> 
,''org.jfree.chart.api.RectangleInsets <init> 
,''org.jfree.chart.internal.Args nullNotPermitted 
,''org.jfree.chart.block.AbstractBlock setPadding 
,''org.jfree.chart.internal.Args nullNotPermitted 
,''org.jfree.chart.legend.LegendGraphic <init> 
,''org.jfree.chart.block.AbstractBlock <init> 
,''org.jfree.chart.internal.Args nullNotPermitted 
,''org.jfree.chart.internal.Args nullNotPermitted 
,''org.jfree.chart.util.StandardGradientPaintTransformer <init> 
,''org.jfree.chart.util.StandardGradientPaintTransformer <init> 
,''org.jfree.chart.block.AbstractBlock setPadding 
,''org.jfree.chart.api.RectangleInsets <init> 
,''org.jfree.chart.api.RectangleInsets <init> 
,''org.jfree.chart.internal.Args nullNotPermitted 
,''org.jfree.chart.block.AbstractBlock setPadding 
,''org.jfree.chart.internal.Args nullNotPermitted 
,''org.jfree.chart.legend.LegendGraphic equals 
,''org.jfree.chart.internal.ShapeUtils equal 
,''org.jfree.chart.internal.PaintUtils equal 
,''org.jfree.chart.util.StandardGradientPaintTransformer equals 
,''org.jfree.chart.internal.PaintUtils equal 
,''org.jfree.chart.internal.ShapeUtils equal 
,''org.jfree.chart.internal.PaintUtils equal 
,''org.jfree.chart.block.AbstractBlock equals 
,''org.jfree.chart.block.BlockBorder equals 
,''org.jfree.chart.api.RectangleInsets equals 
,''org.jfree.chart.api.RectangleInsets equals 
,''org.jfree.chart.legend.LegendGraphic hashCode 
,''org.jfree.chart.util.StandardGradientPaintTransformer hashCode 
,''org.jfree.chart.legend.LegendGraphic hashCode 
,''org.jfree.chart.util.StandardGradientPaintTransformer hashCode 
,''org.jfree.chart.legend.LegendGraphicTest testEquals 
,''org.jfree.chart.legend.LegendGraphic <init> 
,''org.jfree.chart.block.AbstractBlock <init> 
,''org.jfree.chart.internal.Args nullNotPermitted 
,''org.jfree.chart.internal.Args nullNotPermitted 
,''org.jfree.chart.util.StandardGradientPaintTransformer <init> 
,''org.jfree.chart.util.StandardGradientPaintTransformer <init> 
,''org.jfree.chart.block.AbstractBlock setPadding 
,''org.jfree.chart.api.RectangleInsets <init> 
,''org.jfree.chart.api.RectangleInsets <init> 
,''org.jfree.chart.internal.Args nullNotPermitted 
,''org.jfree.chart.block.AbstractBlock setPadding 
,''org.jfree.chart.internal.Args nullNotPermitted 
,''org.jfree.chart.legend.LegendGraphic <init> 
,''org.jfree.chart.block.AbstractBlock <init> 
,''org.jfree.chart.internal.Args nullNotPermitted 
,''org.jfree.chart.internal.Args nullNotPermitted 
,''org.jfree.chart.util.StandardGradientPaintTransformer <init> 
,''org.jfree.chart.util.StandardGradientPaintTransformer <init> 
,''org.jfree.chart.block.AbstractBlock setPadding 
,''org.jfree.chart.api.RectangleInsets <init> 
,''org.jfree.chart.api.RectangleInsets <init> 
,''org.jfree.chart.internal.Args nullNotPermitted 
,''org.jfree.chart.block.AbstractBlock setPadding 
,''org.jfree.chart.internal.Args nullNotPermitted 
,''org.jfree.chart.legend.LegendGraphic equals 
,''org.jfree.chart.internal.ShapeUtils equal 
,''org.jfree.chart.internal.PaintUtils equal 
,''org.jfree.chart.util.StandardGradientPaintTransformer equals 
,''org.jfree.chart.internal.PaintUtils equal 
,''org.jfree.chart.internal.ShapeUtils equal 
,''org.jfree.chart.internal.PaintUtils equal 
,''org.jfree.chart.block.AbstractBlock equals 
,''org.jfree.chart.block.BlockBorder equals 
,''org.jfree.chart.api.RectangleInsets equals 
,''org.jfree.chart.api.RectangleInsets equals 
,''org.jfree.chart.legend.LegendGraphic equals 
,''org.jfree.chart.internal.ShapeUtils equal 
,''org.jfree.chart.internal.PaintUtils equal 
,''org.jfree.chart.util.StandardGradientPaintTransformer equals 
,''org.jfree.chart.internal.PaintUtils equal 
,''org.jfree.chart.internal.ShapeUtils equal 
,''org.jfree.chart.internal.PaintUtils equal 
,''org.jfree.chart.block.AbstractBlock equals 
,''org.jfree.chart.block.BlockBorder equals 
,''org.jfree.chart.api.RectangleInsets equals 
,''org.jfree.chart.api.RectangleInsets equals 
,''org.jfree.chart.legend.LegendGraphic isShapeVisible 
,''org.jfree.chart.legend.LegendGraphic setShapeVisible 
,''org.jfree.chart.legend.LegendGraphic equals 
,''org.jfree.chart.legend.LegendGraphic isShapeVisible 
,''org.jfree.chart.legend.LegendGraphic setShapeVisible 
,''org.jfree.chart.legend.LegendGraphic equals 
,''org.jfree.chart.internal.ShapeUtils equal 
,''org.jfree.chart.internal.PaintUtils equal 
,''org.jfree.chart.util.StandardGradientPaintTransformer equals 
,''org.jfree.chart.internal.PaintUtils equal 
,''org.jfree.chart.internal.ShapeUtils equal 
,''org.jfree.chart.internal.PaintUtils equal 
,''org.jfree.chart.block.AbstractBlock equals 
,''org.jfree.chart.block.BlockBorder equals 
,''org.jfree.chart.api.RectangleInsets equals 
,''org.jfree.chart.api.RectangleInsets equals 
,''org.jfree.chart.legend.LegendGraphic setShape 
,''org.jfree.chart.legend.LegendGraphic equals 
,''org.jfree.chart.internal.ShapeUtils equal 
,''org.jfree.chart.legend.LegendGraphic setShape 
,''org.jfree.chart.legend.LegendGraphic equals 
,''org.jfree.chart.internal.ShapeUtils equal 
,''org.jfree.chart.internal.PaintUtils equal 
,''org.jfree.chart.util.StandardGradientPaintTransformer equals 
,''org.jfree.chart.internal.PaintUtils equal 
,''org.jfree.chart.internal.ShapeUtils equal 
,''org.jfree.chart.internal.PaintUtils equal 
,''org.jfree.chart.block.AbstractBlock equals 
,''org.jfree.chart.block.BlockBorder equals 
,''org.jfree.chart.api.RectangleInsets equals 
,''org.jfree.chart.api.RectangleInsets equals 
,''org.jfree.chart.legend.LegendGraphic isShapeFilled 
,''org.jfree.chart.legend.LegendGraphic setShapeFilled 
,''org.jfree.chart.legend.LegendGraphic equals 
,''org.jfree.chart.internal.ShapeUtils equal 
,''org.jfree.chart.legend.LegendGraphic isShapeFilled 
,''org.jfree.chart.legend.LegendGraphic setShapeFilled 
,''org.jfree.chart.legend.LegendGraphic equals 
,''org.jfree.chart.internal.ShapeUtils equal 
,''org.jfree.chart.internal.PaintUtils equal 
,''org.jfree.chart.util.StandardGradientPaintTransformer equals 
,''org.jfree.chart.internal.PaintUtils equal 
,''org.jfree.chart.internal.ShapeUtils equal 
,''org.jfree.chart.internal.PaintUtils equal 
,''org.jfree.chart.block.AbstractBlock equals 
,''org.jfree.chart.block.BlockBorder equals 
,''org.jfree.chart.api.RectangleInsets equals 
,''org.jfree.chart.api.RectangleInsets equals 
,''org.jfree.chart.legend.LegendGraphic setFillPaint 
,''org.jfree.chart.legend.LegendGraphic equals 
,''org.jfree.chart.internal.ShapeUtils equal 
,''org.jfree.chart.internal.PaintUtils equal 
,''org.jfree.chart.legend.LegendGraphic setFillPaint 
,''org.jfree.chart.legend.LegendGraphic equals 
,''org.jfree.chart.internal.ShapeUtils equal 
,''org.jfree.chart.internal.PaintUtils equal 
,''org.jfree.chart.util.StandardGradientPaintTransformer equals 
,''org.jfree.chart.internal.PaintUtils equal 
,''org.jfree.chart.internal.ShapeUtils equal 
,''org.jfree.chart.internal.PaintUtils equal 
,''org.jfree.chart.block.AbstractBlock equals 
,''org.jfree.chart.block.BlockBorder equals 
,''org.jfree.chart.api.RectangleInsets equals 
,''org.jfree.chart.api.RectangleInsets equals 
,''org.jfree.chart.legend.LegendGraphic isShapeOutlineVisible 
,''org.jfree.chart.legend.LegendGraphic setShapeOutlineVisible 
,''org.jfree.chart.legend.LegendGraphic equals 
,''org.jfree.chart.internal.ShapeUtils equal 
,''org.jfree.chart.internal.PaintUtils equal 
,''org.jfree.chart.util.StandardGradientPaintTransformer equals 
,''org.jfree.chart.legend.LegendGraphic isShapeOutlineVisible 
,''org.jfree.chart.legend.LegendGraphic setShapeOutlineVisible 
,''org.jfree.chart.legend.LegendGraphic equals 
,''org.jfree.chart.internal.ShapeUtils equal 
,''org.jfree.chart.internal.PaintUtils equal 
,''org.jfree.chart.util.StandardGradientPaintTransformer equals 
,''org.jfree.chart.internal.PaintUtils equal 
,''org.jfree.chart.internal.ShapeUtils equal 
,''org.jfree.chart.internal.PaintUtils equal 
,''org.jfree.chart.block.AbstractBlock equals 
,''org.jfree.chart.block.BlockBorder equals 
,''org.jfree.chart.api.RectangleInsets equals 
,''org.jfree.chart.api.RectangleInsets equals 
,''org.jfree.chart.legend.LegendGraphic setOutlinePaint 
,''org.jfree.chart.legend.LegendGraphic equals 
,''org.jfree.chart.internal.ShapeUtils equal 
,''org.jfree.chart.internal.PaintUtils equal 
,''org.jfree.chart.util.StandardGradientPaintTransformer equals 
,''org.jfree.chart.internal.PaintUtils equal 
,''org.jfree.chart.legend.LegendGraphic setOutlinePaint 
,''org.jfree.chart.legend.LegendGraphic equals 
,''org.jfree.chart.internal.ShapeUtils equal 
,''org.jfree.chart.internal.PaintUtils equal 
,''org.jfree.chart.util.StandardGradientPaintTransformer equals 
,''org.jfree.chart.internal.PaintUtils equal 
,''org.jfree.chart.internal.ShapeUtils equal 
,''org.jfree.chart.internal.PaintUtils equal 
,''org.jfree.chart.block.AbstractBlock equals 
,''org.jfree.chart.block.BlockBorder equals 
,''org.jfree.chart.api.RectangleInsets equals 
,''org.jfree.chart.api.RectangleInsets equals 
,''org.jfree.chart.legend.LegendGraphic setOutlineStroke 
,''org.jfree.chart.legend.LegendGraphic equals 
,''org.jfree.chart.internal.ShapeUtils equal 
,''org.jfree.chart.internal.PaintUtils equal 
,''org.jfree.chart.util.StandardGradientPaintTransformer equals 
,''org.jfree.chart.internal.PaintUtils equal 
,''org.jfree.chart.legend.LegendGraphic setOutlineStroke 
,''org.jfree.chart.legend.LegendGraphic equals 
,''org.jfree.chart.internal.ShapeUtils equal 
,''org.jfree.chart.internal.PaintUtils equal 
,''org.jfree.chart.util.StandardGradientPaintTransformer equals 
,''org.jfree.chart.internal.PaintUtils equal 
,''org.jfree.chart.internal.ShapeUtils equal 
,''org.jfree.chart.internal.PaintUtils equal 
,''org.jfree.chart.block.AbstractBlock equals 
,''org.jfree.chart.block.BlockBorder equals 
,''org.jfree.chart.api.RectangleInsets equals 
,''org.jfree.chart.api.RectangleInsets equals 
,''org.jfree.chart.legend.LegendGraphic setShapeAnchor 
,''org.jfree.chart.internal.Args nullNotPermitted 
,''org.jfree.chart.legend.LegendGraphic equals 
,''org.jfree.chart.internal.ShapeUtils equal 
,''org.jfree.chart.internal.PaintUtils equal 
,''org.jfree.chart.util.StandardGradientPaintTransformer equals 
,''org.jfree.chart.internal.PaintUtils equal 
,''org.jfree.chart.legend.LegendGraphic setShapeAnchor 
,''org.jfree.chart.internal.Args nullNotPermitted 
,''org.jfree.chart.legend.LegendGraphic equals 
,''org.jfree.chart.internal.ShapeUtils equal 
,''org.jfree.chart.internal.PaintUtils equal 
,''org.jfree.chart.util.StandardGradientPaintTransformer equals 
,''org.jfree.chart.internal.PaintUtils equal 
,''org.jfree.chart.internal.ShapeUtils equal 
,''org.jfree.chart.internal.PaintUtils equal 
,''org.jfree.chart.block.AbstractBlock equals 
,''org.jfree.chart.block.BlockBorder equals 
,''org.jfree.chart.api.RectangleInsets equals 
,''org.jfree.chart.api.RectangleInsets equals 
,''org.jfree.chart.legend.LegendGraphic setShapeLocation 
,''org.jfree.chart.internal.Args nullNotPermitted 
,''org.jfree.chart.legend.LegendGraphic equals 
,''org.jfree.chart.internal.ShapeUtils equal 
,''org.jfree.chart.internal.PaintUtils equal 
,''org.jfree.chart.util.StandardGradientPaintTransformer equals 
,''org.jfree.chart.internal.PaintUtils equal 
,''org.jfree.chart.legend.LegendGraphic setShapeLocation 
,''org.jfree.chart.internal.Args nullNotPermitted 
,''org.jfree.chart.legend.LegendGraphic equals 
,''org.jfree.chart.internal.ShapeUtils equal 
,''org.jfree.chart.internal.PaintUtils equal 
,''org.jfree.chart.util.StandardGradientPaintTransformer equals 
,''org.jfree.chart.internal.PaintUtils equal 
,''org.jfree.chart.internal.ShapeUtils equal 
,''org.jfree.chart.internal.PaintUtils equal 
,''org.jfree.chart.block.AbstractBlock equals 
,''org.jfree.chart.block.BlockBorder equals 
,''org.jfree.chart.api.RectangleInsets equals 
,''org.jfree.chart.api.RectangleInsets equals 
,''org.jfree.chart.legend.LegendGraphic isLineVisible 
,''org.jfree.chart.legend.LegendGraphic setLineVisible 
,''org.jfree.chart.legend.LegendGraphic equals 
,''org.jfree.chart.internal.ShapeUtils equal 
,''org.jfree.chart.internal.PaintUtils equal 
,''org.jfree.chart.util.StandardGradientPaintTransformer equals 
,''org.jfree.chart.internal.PaintUtils equal 
,''org.jfree.chart.legend.LegendGraphic isLineVisible 
,''org.jfree.chart.legend.LegendGraphic setLineVisible 
,''org.jfree.chart.legend.LegendGraphic equals 
,''org.jfree.chart.internal.ShapeUtils equal 
,''org.jfree.chart.internal.PaintUtils equal 
,''org.jfree.chart.util.StandardGradientPaintTransformer equals 
,''org.jfree.chart.internal.PaintUtils equal 
,''org.jfree.chart.internal.ShapeUtils equal 
,''org.jfree.chart.internal.PaintUtils equal 
,''org.jfree.chart.block.AbstractBlock equals 
,''org.jfree.chart.block.BlockBorder equals 
,''org.jfree.chart.api.RectangleInsets equals 
,''org.jfree.chart.api.RectangleInsets equals 
,''org.jfree.chart.legend.LegendGraphic setLine 
,''org.jfree.chart.legend.LegendGraphic equals 
,''org.jfree.chart.internal.ShapeUtils equal 
,''org.jfree.chart.internal.PaintUtils equal 
,''org.jfree.chart.util.StandardGradientPaintTransformer equals 
,''org.jfree.chart.internal.PaintUtils equal 
,''org.jfree.chart.internal.ShapeUtils equal 
,''org.jfree.chart.legend.LegendGraphic setLine 
,''org.jfree.chart.legend.LegendGraphic equals 
,''org.jfree.chart.internal.ShapeUtils equal 
,''org.jfree.chart.internal.PaintUtils equal 
,''org.jfree.chart.util.StandardGradientPaintTransformer equals 
,''org.jfree.chart.internal.PaintUtils equal 
,''org.jfree.chart.internal.ShapeUtils equal 
,''org.jfree.chart.internal.ShapeUtils equal 
,''org.jfree.chart.internal.PaintUtils equal 
,''org.jfree.chart.block.AbstractBlock equals 
,''org.jfree.chart.block.BlockBorder equals 
,''org.jfree.chart.api.RectangleInsets equals 
,''org.jfree.chart.api.RectangleInsets equals 
,''org.jfree.chart.legend.LegendGraphic setLinePaint 
,''org.jfree.chart.legend.LegendGraphic equals 
,''org.jfree.chart.internal.ShapeUtils equal 
,''org.jfree.chart.internal.PaintUtils equal 
,''org.jfree.chart.util.StandardGradientPaintTransformer equals 
,''org.jfree.chart.internal.PaintUtils equal 
,''org.jfree.chart.internal.ShapeUtils equal 
,''org.jfree.chart.internal.ShapeUtils equal 
,''org.jfree.chart.internal.PaintUtils equal 
,''org.jfree.chart.legend.LegendGraphic setLinePaint 
,''org.jfree.chart.legend.LegendGraphic equals 
,''org.jfree.chart.internal.ShapeUtils equal 
,''org.jfree.chart.internal.PaintUtils equal 
,''org.jfree.chart.util.StandardGradientPaintTransformer equals 
,''org.jfree.chart.internal.PaintUtils equal 
,''org.jfree.chart.internal.ShapeUtils equal 
,''org.jfree.chart.internal.ShapeUtils equal 
,''org.jfree.chart.internal.PaintUtils equal 
,''org.jfree.chart.block.AbstractBlock equals 
,''org.jfree.chart.block.BlockBorder equals 
,''org.jfree.chart.api.RectangleInsets equals 
,''org.jfree.chart.api.RectangleInsets equals 
,''org.jfree.chart.legend.LegendGraphic setLineStroke 
,''org.jfree.chart.legend.LegendGraphic equals 
,''org.jfree.chart.internal.ShapeUtils equal 
,''org.jfree.chart.internal.PaintUtils equal 
,''org.jfree.chart.util.StandardGradientPaintTransformer equals 
,''org.jfree.chart.internal.PaintUtils equal 
,''org.jfree.chart.internal.ShapeUtils equal 
,''org.jfree.chart.internal.ShapeUtils equal 
,''org.jfree.chart.internal.PaintUtils equal 
,''org.jfree.chart.legend.LegendGraphic setLineStroke 
,''org.jfree.chart.legend.LegendGraphic equals 
,''org.jfree.chart.internal.ShapeUtils equal 
,''org.jfree.chart.internal.PaintUtils equal 
,''org.jfree.chart.util.StandardGradientPaintTransformer equals 
,''org.jfree.chart.internal.PaintUtils equal 
,''org.jfree.chart.internal.ShapeUtils equal 
,''org.jfree.chart.internal.ShapeUtils equal 
,''org.jfree.chart.internal.PaintUtils equal 
,''org.jfree.chart.block.AbstractBlock equals 
,''org.jfree.chart.block.BlockBorder equals 
,''org.jfree.chart.api.RectangleInsets equals 
,''org.jfree.chart.api.RectangleInsets equals 
,''org.jfree.chart.util.StandardGradientPaintTransformer <init> 
,''org.jfree.chart.legend.LegendGraphic setFillPaintTransformer 
,''org.jfree.chart.internal.Args nullNotPermitted 
,''org.jfree.chart.legend.LegendGraphic equals 
,''org.jfree.chart.internal.ShapeUtils equal 
,''org.jfree.chart.internal.PaintUtils equal 
,''org.jfree.chart.util.StandardGradientPaintTransformer equals 
,''org.jfree.chart.util.StandardGradientPaintTransformer <init> 
,''org.jfree.chart.legend.LegendGraphic setFillPaintTransformer 
,''org.jfree.chart.internal.Args nullNotPermitted 
,''org.jfree.chart.legend.LegendGraphic equals 
,''org.jfree.chart.internal.ShapeUtils equal 
,''org.jfree.chart.internal.PaintUtils equal 
,''org.jfree.chart.util.StandardGradientPaintTransformer equals 
,''org.jfree.chart.internal.PaintUtils equal 
,''org.jfree.chart.internal.ShapeUtils equal 
,''org.jfree.chart.internal.ShapeUtils equal 
,''org.jfree.chart.internal.PaintUtils equal 
,''org.jfree.chart.block.AbstractBlock equals 
,''org.jfree.chart.block.BlockBorder equals 
,''org.jfree.chart.api.RectangleInsets equals 
,''org.jfree.chart.api.RectangleInsets equals 
,''org.jfree.chart.legend.LegendGraphicTest testCloning2 
,''org.jfree.chart.legend.LegendGraphic <init> 
,''org.jfree.chart.block.AbstractBlock <init> 
,''org.jfree.chart.internal.Args nullNotPermitted 
,''org.jfree.chart.internal.Args nullNotPermitted 
,''org.jfree.chart.util.StandardGradientPaintTransformer <init> 
,''org.jfree.chart.util.StandardGradientPaintTransformer <init> 
,''org.jfree.chart.block.AbstractBlock setPadding 
,''org.jfree.chart.api.RectangleInsets <init> 
,''org.jfree.chart.api.RectangleInsets <init> 
,''org.jfree.chart.internal.Args nullNotPermitted 
,''org.jfree.chart.block.AbstractBlock setPadding 
,''org.jfree.chart.internal.Args nullNotPermitted 
,''org.jfree.chart.legend.LegendGraphic setLine 
,''org.jfree.chart.internal.CloneUtils clone 
,''org.jfree.chart.legend.LegendGraphic clone 
,''org.jfree.chart.block.AbstractBlock clone 
,''org.jfree.chart.internal.CloneUtils clone 
,''org.jfree.chart.internal.CloneUtils clone 
,''org.jfree.chart.internal.CloneUtils clone 
,''org.jfree.chart.legend.LegendGraphic equals 
,''org.jfree.chart.internal.ShapeUtils equal 
,''org.jfree.chart.internal.PaintUtils equal 
,''org.jfree.chart.internal.PaintUtils equal 
,''org.jfree.chart.internal.ShapeUtils equal 
,''org.jfree.chart.internal.ShapeUtils equal 
,''org.jfree.chart.internal.PaintUtils equal 
,''org.jfree.chart.block.AbstractBlock equals 
,''org.jfree.chart.block.BlockBorder equals 
,''org.jfree.chart.api.RectangleInsets equals 
,''org.jfree.chart.api.RectangleInsets equals 
,''org.jfree.chart.legend.LegendGraphic equals 
,''org.jfree.chart.internal.ShapeUtils equal 
,''org.jfree.chart.internal.PaintUtils equal 
,''org.jfree.chart.internal.PaintUtils equal 
,''org.jfree.chart.internal.ShapeUtils equal 
,''org.jfree.chart.internal.ShapeUtils equal 
,'