'org.jfree.chart.text.format.LogFormatTest testSerialization 
,''org.jfree.chart.text.format.LogFormat <init> 
,''org.jfree.chart.text.format.LogFormat <init> 
,''org.jfree.chart.internal.Args nullNotPermitted 
,''org.jfree.chart.internal.Args nullNotPermitted 
,''org.jfree.chart.TestUtils serialised 
,''org.jfree.chart.text.format.LogFormat equals 
,''org.jfree.chart.text.format.LogFormatTest testCloning 
,''org.jfree.chart.text.format.LogFormat <init> 
,''org.jfree.chart.text.format.LogFormat <init> 
,''org.jfree.chart.internal.Args nullNotPermitted 
,''org.jfree.chart.internal.Args nullNotPermitted 
,''org.jfree.chart.internal.CloneUtils clone 
,''org.jfree.chart.text.format.LogFormat clone 
,''org.jfree.chart.text.format.LogFormat equals 
,''org.jfree.chart.text.format.LogFormatTest testHashcode 
,''org.jfree.chart.text.format.LogFormat <init> 
,''org.jfree.chart.text.format.LogFormat <init> 
,''org.jfree.chart.internal.Args nullNotPermitted 
,''org.jfree.chart.internal.Args nullNotPermitted 
,''org.jfree.chart.text.format.LogFormat <init> 
,''org.jfree.chart.text.format.LogFormat <init> 
,''org.jfree.chart.internal.Args nullNotPermitted 
,''org.jfree.chart.internal.Args nullNotPermitted 
,''org.jfree.chart.text.format.LogFormat equals 
,''org.jfree.chart.text.format.LogFormatTest testEquals 
,''org.jfree.chart.text.format.LogFormat <init> 
,''org.jfree.chart.text.format.LogFormat <init> 
,''org.jfree.chart.internal.Args nullNotPermitted 
,''org.jfree.chart.internal.Args nullNotPermitted 
,''org.jfree.chart.text.format.LogFormat <init> 
,''org.jfree.chart.text.format.LogFormat <init> 
,''org.jfree.chart.internal.Args nullNotPermitted 
,''org.jfree.chart.internal.Args nullNotPermitted 
,''org.jfree.chart.text.format.LogFormat equals 
,''org.jfree.chart.text.format.LogFormat <init> 
,''org.jfree.chart.text.format.LogFormat <init> 
,''org.jfree.chart.internal.Args nullNotPermitted 
,''org.jfree.chart.internal.Args nullNotPermitted 
,''org.jfree.chart.text.format.LogFormat equals 
,''org.jfree.chart.text.format.LogFormat <init> 
,''org.jfree.chart.text.format.LogFormat <init> 
,''org.jfree.chart.internal.Args nullNotPermitted 
,''org.jfree.chart.internal.Args nullNotPermitted 
,''org.jfree.chart.text.format.LogFormat equals 
,''org.jfree.chart.text.format.LogFormat <init> 
,''org.jfree.chart.text.format.LogFormat <init> 
,''org.jfree.chart.internal.Args nullNotPermitted 
,''org.jfree.chart.internal.Args nullNotPermitted 
,''org.jfree.chart.text.format.LogFormat equals 
,''org.jfree.chart.text.format.LogFormat <init> 
,''org.jfree.chart.text.format.LogFormat <init> 
,''org.jfree.chart.internal.Args nullNotPermitted 
,''org.jfree.chart.internal.Args nullNotPermitted 
,''org.jfree.chart.text.format.LogFormat equals 
,''org.jfree.chart.text.format.LogFormat <init> 
,''org.jfree.chart.text.format.LogFormat <init> 
,''org.jfree.chart.internal.Args nullNotPermitted 
,''org.jfree.chart.internal.Args nullNotPermitted 
,''org.jfree.chart.text.format.LogFormat equals 
,''org.jfree.chart.text.format.LogFormat <init> 
,''org.jfree.chart.text.format.LogFormat <init> 
,''org.jfree.chart.internal.Args nullNotPermitted 
,''org.jfree.chart.internal.Args nullNotPermitted 
,''org.jfree.chart.text.format.LogFormat equals 
,''org.jfree.chart.text.format.LogFormat setExponentFormat 
,''org.jfree.chart.internal.Args nullNotPermitted 
,''org.jfree.chart.text.format.LogFormat equals 
,''org.jfree.chart.text.format.LogFormat setExponentFormat 
,''org.jfree.chart.internal.Args nullNotPermitted 
,''org.jfree.chart.text.format.LogFormat equals 
,'